running egg_info
writing ../../build/boat_drive/boat_drive.egg-info/PKG-INFO
writing dependency_links to ../../build/boat_drive/boat_drive.egg-info/dependency_links.txt
writing entry points to ../../build/boat_drive/boat_drive.egg-info/entry_points.txt
writing requirements to ../../build/boat_drive/boat_drive.egg-info/requires.txt
writing top-level names to ../../build/boat_drive/boat_drive.egg-info/top_level.txt
reading manifest file '../../build/boat_drive/boat_drive.egg-info/SOURCES.txt'
writing manifest file '../../build/boat_drive/boat_drive.egg-info/SOURCES.txt'
running build
running build_py
copying boat_drive/motor_control.py -> /home/alex/LEAN-AutoBoat/build/boat_drive/build/lib/boat_drive
running install
running install_lib
copying /home/alex/LEAN-AutoBoat/build/boat_drive/build/lib/boat_drive/motor_control.py -> /home/alex/LEAN-AutoBoat/install/boat_drive/lib/python3.10/site-packages/boat_drive
byte-compiling /home/alex/LEAN-AutoBoat/install/boat_drive/lib/python3.10/site-packages/boat_drive/motor_control.py to motor_control.cpython-310.pyc
running install_data
running install_egg_info
removing '/home/alex/LEAN-AutoBoat/install/boat_drive/lib/python3.10/site-packages/boat_drive-0.0.0-py3.10.egg-info' (and everything under it)
Copying ../../build/boat_drive/boat_drive.egg-info to /home/alex/LEAN-AutoBoat/install/boat_drive/lib/python3.10/site-packages/boat_drive-0.0.0-py3.10.egg-info
running install_scripts
Installing listener script to /home/alex/LEAN-AutoBoat/install/boat_drive/lib/boat_drive
writing list of installed files to '/home/alex/LEAN-AutoBoat/build/boat_drive/install.log'
