[0.991s] Invoking command in '/home/alex/LEAN-AutoBoat/src/boat_drive': PYTHONPATH=/home/alex/LEAN-AutoBoat/install/boat_drive/lib/python3.10/site-packages:${PYTHONPATH} /usr/bin/python3 setup.py egg_info --egg-base ../../build/boat_drive build --build-base /home/alex/LEAN-AutoBoat/build/boat_drive/build install --prefix /home/alex/LEAN-AutoBoat/install/boat_drive --record /home/alex/LEAN-AutoBoat/build/boat_drive/install.log --single-version-externally-managed
[1.383s] running egg_info
[1.384s] writing ../../build/boat_drive/boat_drive.egg-info/PKG-INFO
[1.385s] writing dependency_links to ../../build/boat_drive/boat_drive.egg-info/dependency_links.txt
[1.386s] writing entry points to ../../build/boat_drive/boat_drive.egg-info/entry_points.txt
[1.386s] writing requirements to ../../build/boat_drive/boat_drive.egg-info/requires.txt
[1.387s] writing top-level names to ../../build/boat_drive/boat_drive.egg-info/top_level.txt
[1.389s] reading manifest file '../../build/boat_drive/boat_drive.egg-info/SOURCES.txt'
[1.391s] writing manifest file '../../build/boat_drive/boat_drive.egg-info/SOURCES.txt'
[1.392s] running build
[1.392s] running build_py
[1.393s] copying boat_drive/motor_control.py -> /home/alex/LEAN-AutoBoat/build/boat_drive/build/lib/boat_drive
[1.393s] running install
[1.394s] /usr/lib/python3/dist-packages/setuptools/command/install.py:34: SetuptoolsDeprecationWarning: setup.py install is deprecated. Use build and pip and other standards-based tools.
[1.394s]   warnings.warn(
[1.395s] running install_lib
[1.396s] copying /home/alex/LEAN-AutoBoat/build/boat_drive/build/lib/boat_drive/motor_control.py -> /home/alex/LEAN-AutoBoat/install/boat_drive/lib/python3.10/site-packages/boat_drive
[1.397s] byte-compiling /home/alex/LEAN-AutoBoat/install/boat_drive/lib/python3.10/site-packages/boat_drive/motor_control.py to motor_control.cpython-310.pyc
[1.398s] running install_data
[1.399s] running install_egg_info
[1.401s] removing '/home/alex/LEAN-AutoBoat/install/boat_drive/lib/python3.10/site-packages/boat_drive-0.0.0-py3.10.egg-info' (and everything under it)
[1.405s] Copying ../../build/boat_drive/boat_drive.egg-info to /home/alex/LEAN-AutoBoat/install/boat_drive/lib/python3.10/site-packages/boat_drive-0.0.0-py3.10.egg-info
[1.407s] running install_scripts
[1.452s] Installing listener script to /home/alex/LEAN-AutoBoat/install/boat_drive/lib/boat_drive
[1.453s] writing list of installed files to '/home/alex/LEAN-AutoBoat/build/boat_drive/install.log'
[1.489s] Invoked command in '/home/alex/LEAN-AutoBoat/src/boat_drive' returned '0': PYTHONPATH=/home/alex/LEAN-AutoBoat/install/boat_drive/lib/python3.10/site-packages:${PYTHONPATH} /usr/bin/python3 setup.py egg_info --egg-base ../../build/boat_drive build --build-base /home/alex/LEAN-AutoBoat/build/boat_drive/build install --prefix /home/alex/LEAN-AutoBoat/install/boat_drive --record /home/alex/LEAN-AutoBoat/build/boat_drive/install.log --single-version-externally-managed
