[1.827s] Invoking command in '/home/alex/LEAN-AutoBoat/src/boat_drive': PYTHONPATH=/home/alex/LEAN-AutoBoat/install/boat_drive/lib/python3.10/site-packages:${PYTHONPATH} /usr/bin/python3 setup.py egg_info --egg-base ../../build/boat_drive build --build-base /home/alex/LEAN-AutoBoat/build/boat_drive/build install --prefix /home/alex/LEAN-AutoBoat/install/boat_drive --record /home/alex/LEAN-AutoBoat/build/boat_drive/install.log --single-version-externally-managed
[2.290s] running egg_info
[2.291s] writing ../../build/boat_drive/boat_drive.egg-info/PKG-INFO
[2.292s] writing dependency_links to ../../build/boat_drive/boat_drive.egg-info/dependency_links.txt
[2.293s] writing entry points to ../../build/boat_drive/boat_drive.egg-info/entry_points.txt
[2.294s] writing requirements to ../../build/boat_drive/boat_drive.egg-info/requires.txt
[2.295s] writing top-level names to ../../build/boat_drive/boat_drive.egg-info/top_level.txt
[2.297s] reading manifest file '../../build/boat_drive/boat_drive.egg-info/SOURCES.txt'
[2.299s] writing manifest file '../../build/boat_drive/boat_drive.egg-info/SOURCES.txt'
[2.300s] running build
[2.300s] running build_py
[2.300s] copying boat_drive/motor_control.py -> /home/alex/LEAN-AutoBoat/build/boat_drive/build/lib/boat_drive
[2.301s] running install
[2.301s] /usr/lib/python3/dist-packages/setuptools/command/install.py:34: SetuptoolsDeprecationWarning: setup.py install is deprecated. Use build and pip and other standards-based tools.
[2.301s]   warnings.warn(
[2.302s] running install_lib
[2.303s] copying /home/alex/LEAN-AutoBoat/build/boat_drive/build/lib/boat_drive/motor_control.py -> /home/alex/LEAN-AutoBoat/install/boat_drive/lib/python3.10/site-packages/boat_drive
[2.305s] byte-compiling /home/alex/LEAN-AutoBoat/install/boat_drive/lib/python3.10/site-packages/boat_drive/motor_control.py to motor_control.cpython-310.pyc
[2.306s] running install_data
[2.308s] running install_egg_info
[2.310s] removing '/home/alex/LEAN-AutoBoat/install/boat_drive/lib/python3.10/site-packages/boat_drive-0.0.0-py3.10.egg-info' (and everything under it)
[2.316s] Copying ../../build/boat_drive/boat_drive.egg-info to /home/alex/LEAN-AutoBoat/install/boat_drive/lib/python3.10/site-packages/boat_drive-0.0.0-py3.10.egg-info
[2.318s] running install_scripts
[2.350s] Installing listener script to /home/alex/LEAN-AutoBoat/install/boat_drive/lib/boat_drive
[2.356s] writing list of installed files to '/home/alex/LEAN-AutoBoat/build/boat_drive/install.log'
[2.392s] Invoked command in '/home/alex/LEAN-AutoBoat/src/boat_drive' returned '0': PYTHONPATH=/home/alex/LEAN-AutoBoat/install/boat_drive/lib/python3.10/site-packages:${PYTHONPATH} /usr/bin/python3 setup.py egg_info --egg-base ../../build/boat_drive build --build-base /home/alex/LEAN-AutoBoat/build/boat_drive/build install --prefix /home/alex/LEAN-AutoBoat/install/boat_drive --record /home/alex/LEAN-AutoBoat/build/boat_drive/install.log --single-version-externally-managed
