[0.435s] DEBUG:colcon:Command line arguments: ['/usr/bin/colcon', 'build']
[0.435s] DEBUG:colcon:Parsed command line arguments: Namespace(log_base=None, log_level=None, verb_name='build', build_base='build', install_base='install', merge_install=False, symlink_install=False, test_result_base=None, continue_on_error=False, executor='parallel', parallel_workers=1, event_handlers=None, ignore_user_meta=False, metas=['./colcon.meta'], base_paths=['.'], packages_ignore=None, packages_ignore_regex=None, paths=None, packages_up_to=None, packages_up_to_regex=None, packages_above=None, packages_above_and_dependencies=None, packages_above_depth=None, packages_select_by_dep=None, packages_skip_by_dep=None, packages_skip_up_to=None, packages_select_build_failed=False, packages_skip_build_finished=False, packages_select_test_failures=False, packages_skip_test_passed=False, packages_select=None, packages_skip=None, packages_select_regex=None, packages_skip_regex=None, packages_start=None, packages_end=None, allow_overriding=[], cmake_args=None, cmake_target=None, cmake_target_skip_unavailable=False, cmake_clean_cache=False, cmake_clean_first=False, cmake_force_configure=False, ament_cmake_args=None, catkin_cmake_args=None, catkin_skip_building_tests=False, verb_parser=<colcon_defaults.argument_parser.defaults.DefaultArgumentsDecorator object at 0x7fb8383482b0>, verb_extension=<colcon_core.verb.build.BuildVerb object at 0x7fb838ccc280>, main=<bound method BuildVerb.main of <colcon_core.verb.build.BuildVerb object at 0x7fb838ccc280>>)
[0.463s] Level 1:colcon.colcon_core.package_discovery:discover_packages(colcon_meta) check parameters
[0.464s] Level 1:colcon.colcon_core.package_discovery:discover_packages(recursive) check parameters
[0.464s] Level 1:colcon.colcon_core.package_discovery:discover_packages(ignore) check parameters
[0.464s] Level 1:colcon.colcon_core.package_discovery:discover_packages(path) check parameters
[0.464s] Level 1:colcon.colcon_core.package_discovery:discover_packages(colcon_meta) discover
[0.464s] Level 1:colcon.colcon_core.package_discovery:discover_packages(recursive) discover
[0.464s] INFO:colcon.colcon_core.package_discovery:Crawling recursively for packages in '/home/alex/LEAN-AutoBoat'
[0.464s] Level 1:colcon.colcon_core.package_identification:_identify(.) by extensions ['ignore', 'ignore_ament_install']
[0.464s] Level 1:colcon.colcon_core.package_identification:_identify(.) by extension 'ignore'
[0.465s] Level 1:colcon.colcon_core.package_identification:_identify(.) by extension 'ignore_ament_install'
[0.465s] Level 1:colcon.colcon_core.package_identification:_identify(.) by extensions ['colcon_pkg']
[0.465s] Level 1:colcon.colcon_core.package_identification:_identify(.) by extension 'colcon_pkg'
[0.465s] Level 1:colcon.colcon_core.package_identification:_identify(.) by extensions ['colcon_meta']
[0.465s] Level 1:colcon.colcon_core.package_identification:_identify(.) by extension 'colcon_meta'
[0.465s] Level 1:colcon.colcon_core.package_identification:_identify(.) by extensions ['ros']
[0.465s] Level 1:colcon.colcon_core.package_identification:_identify(.) by extension 'ros'
[0.480s] Level 1:colcon.colcon_core.package_identification:_identify(.) by extensions ['cmake', 'python']
[0.481s] Level 1:colcon.colcon_core.package_identification:_identify(.) by extension 'cmake'
[0.481s] Level 1:colcon.colcon_core.package_identification:_identify(.) by extension 'python'
[0.481s] Level 1:colcon.colcon_core.package_identification:_identify(.) by extensions ['python_setup_py']
[0.481s] Level 1:colcon.colcon_core.package_identification:_identify(.) by extension 'python_setup_py'
[0.481s] Level 1:colcon.colcon_core.package_identification:_identify(build) by extensions ['ignore', 'ignore_ament_install']
[0.481s] Level 1:colcon.colcon_core.package_identification:_identify(build) by extension 'ignore'
[0.481s] Level 1:colcon.colcon_core.package_identification:_identify(build) ignored
[0.481s] Level 1:colcon.colcon_core.package_identification:_identify(install) by extensions ['ignore', 'ignore_ament_install']
[0.482s] Level 1:colcon.colcon_core.package_identification:_identify(install) by extension 'ignore'
[0.482s] Level 1:colcon.colcon_core.package_identification:_identify(install) ignored
[0.482s] Level 1:colcon.colcon_core.package_identification:_identify(log) by extensions ['ignore', 'ignore_ament_install']
[0.482s] Level 1:colcon.colcon_core.package_identification:_identify(log) by extension 'ignore'
[0.482s] Level 1:colcon.colcon_core.package_identification:_identify(log) ignored
[0.482s] Level 1:colcon.colcon_core.package_identification:_identify(src) by extensions ['ignore', 'ignore_ament_install']
[0.482s] Level 1:colcon.colcon_core.package_identification:_identify(src) by extension 'ignore'
[0.482s] Level 1:colcon.colcon_core.package_identification:_identify(src) by extension 'ignore_ament_install'
[0.482s] Level 1:colcon.colcon_core.package_identification:_identify(src) by extensions ['colcon_pkg']
[0.483s] Level 1:colcon.colcon_core.package_identification:_identify(src) by extension 'colcon_pkg'
[0.483s] Level 1:colcon.colcon_core.package_identification:_identify(src) by extensions ['colcon_meta']
[0.483s] Level 1:colcon.colcon_core.package_identification:_identify(src) by extension 'colcon_meta'
[0.483s] Level 1:colcon.colcon_core.package_identification:_identify(src) by extensions ['ros']
[0.483s] Level 1:colcon.colcon_core.package_identification:_identify(src) by extension 'ros'
[0.483s] Level 1:colcon.colcon_core.package_identification:_identify(src) by extensions ['cmake', 'python']
[0.483s] Level 1:colcon.colcon_core.package_identification:_identify(src) by extension 'cmake'
[0.483s] Level 1:colcon.colcon_core.package_identification:_identify(src) by extension 'python'
[0.484s] Level 1:colcon.colcon_core.package_identification:_identify(src) by extensions ['python_setup_py']
[0.484s] Level 1:colcon.colcon_core.package_identification:_identify(src) by extension 'python_setup_py'
[0.484s] Level 1:colcon.colcon_core.package_identification:_identify(src/boat_drive) by extensions ['ignore', 'ignore_ament_install']
[0.484s] Level 1:colcon.colcon_core.package_identification:_identify(src/boat_drive) by extension 'ignore'
[0.484s] Level 1:colcon.colcon_core.package_identification:_identify(src/boat_drive) by extension 'ignore_ament_install'
[0.484s] Level 1:colcon.colcon_core.package_identification:_identify(src/boat_drive) by extensions ['colcon_pkg']
[0.484s] Level 1:colcon.colcon_core.package_identification:_identify(src/boat_drive) by extension 'colcon_pkg'
[0.484s] Level 1:colcon.colcon_core.package_identification:_identify(src/boat_drive) by extensions ['colcon_meta']
[0.484s] Level 1:colcon.colcon_core.package_identification:_identify(src/boat_drive) by extension 'colcon_meta'
[0.484s] Level 1:colcon.colcon_core.package_identification:_identify(src/boat_drive) by extensions ['ros']
[0.484s] Level 1:colcon.colcon_core.package_identification:_identify(src/boat_drive) by extension 'ros'
[0.488s] DEBUG:colcon.colcon_core.package_identification:Package 'src/boat_drive' with type 'ros.ament_python' and name 'boat_drive'
[0.488s] Level 1:colcon.colcon_core.package_discovery:discover_packages(recursive) using defaults
[0.488s] Level 1:colcon.colcon_core.package_discovery:discover_packages(ignore) discover
[0.488s] Level 1:colcon.colcon_core.package_discovery:discover_packages(ignore) using defaults
[0.488s] Level 1:colcon.colcon_core.package_discovery:discover_packages(path) discover
[0.488s] Level 1:colcon.colcon_core.package_discovery:discover_packages(path) using defaults
[0.538s] Level 1:colcon.colcon_core.package_discovery:discover_packages(prefix_path) check parameters
[0.538s] Level 1:colcon.colcon_core.package_discovery:discover_packages(prefix_path) discover
[0.542s] DEBUG:colcon.colcon_installed_package_information.package_discovery:Found 279 installed packages in /opt/ros/humble
[0.545s] Level 1:colcon.colcon_core.package_discovery:discover_packages(prefix_path) using defaults
[0.651s] Level 5:colcon.colcon_core.verb:set package 'boat_drive' build argument 'cmake_args' from command line to 'None'
[0.651s] Level 5:colcon.colcon_core.verb:set package 'boat_drive' build argument 'cmake_target' from command line to 'None'
[0.651s] Level 5:colcon.colcon_core.verb:set package 'boat_drive' build argument 'cmake_target_skip_unavailable' from command line to 'False'
[0.651s] Level 5:colcon.colcon_core.verb:set package 'boat_drive' build argument 'cmake_clean_cache' from command line to 'False'
[0.651s] Level 5:colcon.colcon_core.verb:set package 'boat_drive' build argument 'cmake_clean_first' from command line to 'False'
[0.652s] Level 5:colcon.colcon_core.verb:set package 'boat_drive' build argument 'cmake_force_configure' from command line to 'False'
[0.652s] Level 5:colcon.colcon_core.verb:set package 'boat_drive' build argument 'ament_cmake_args' from command line to 'None'
[0.652s] Level 5:colcon.colcon_core.verb:set package 'boat_drive' build argument 'catkin_cmake_args' from command line to 'None'
[0.652s] Level 5:colcon.colcon_core.verb:set package 'boat_drive' build argument 'catkin_skip_building_tests' from command line to 'False'
[0.652s] DEBUG:colcon.colcon_core.verb:Building package 'boat_drive' with the following arguments: {'ament_cmake_args': None, 'build_base': '/home/alex/LEAN-AutoBoat/build/boat_drive', 'catkin_cmake_args': None, 'catkin_skip_building_tests': False, 'cmake_args': None, 'cmake_clean_cache': False, 'cmake_clean_first': False, 'cmake_force_configure': False, 'cmake_target': None, 'cmake_target_skip_unavailable': False, 'install_base': '/home/alex/LEAN-AutoBoat/install/boat_drive', 'merge_install': False, 'path': '/home/alex/LEAN-AutoBoat/src/boat_drive', 'symlink_install': False, 'test_result_base': None}
[0.652s] INFO:colcon.colcon_core.executor:Executing jobs using 'parallel' executor
[0.655s] DEBUG:colcon.colcon_parallel_executor.executor.parallel:run_until_complete
[0.655s] INFO:colcon.colcon_ros.task.ament_python.build:Building ROS package in '/home/alex/LEAN-AutoBoat/src/boat_drive' with build type 'ament_python'
[0.656s] Level 1:colcon.colcon_core.shell:create_environment_hook('boat_drive', 'ament_prefix_path')
[0.660s] INFO:colcon.colcon_core.plugin_system:Skipping extension 'colcon_core.shell.bat': Not used on non-Windows systems
[0.661s] INFO:colcon.colcon_core.shell:Creating environment hook '/home/alex/LEAN-AutoBoat/install/boat_drive/share/boat_drive/hook/ament_prefix_path.ps1'
[0.662s] INFO:colcon.colcon_core.shell:Creating environment descriptor '/home/alex/LEAN-AutoBoat/install/boat_drive/share/boat_drive/hook/ament_prefix_path.dsv'
[0.663s] INFO:colcon.colcon_core.shell:Creating environment hook '/home/alex/LEAN-AutoBoat/install/boat_drive/share/boat_drive/hook/ament_prefix_path.sh'
[0.665s] INFO:colcon.colcon_core.shell:Skip shell extension 'powershell' for command environment: Not usable outside of PowerShell
[0.665s] DEBUG:colcon.colcon_core.shell:Skip shell extension 'dsv' for command environment
[1.096s] INFO:colcon.colcon_core.task.python.build:Building Python package in '/home/alex/LEAN-AutoBoat/src/boat_drive'
[1.098s] INFO:colcon.colcon_core.shell:Skip shell extension 'powershell' for command environment: Not usable outside of PowerShell
[1.099s] DEBUG:colcon.colcon_core.shell:Skip shell extension 'dsv' for command environment
[1.636s] DEBUG:colcon.colcon_core.event_handler.log_command:Invoking command in '/home/alex/LEAN-AutoBoat/src/boat_drive': PYTHONPATH=/home/alex/LEAN-AutoBoat/install/boat_drive/lib/python3.10/site-packages:${PYTHONPATH} /usr/bin/python3 setup.py egg_info --egg-base ../../build/boat_drive build --build-base /home/alex/LEAN-AutoBoat/build/boat_drive/build install --prefix /home/alex/LEAN-AutoBoat/install/boat_drive --record /home/alex/LEAN-AutoBoat/build/boat_drive/install.log --single-version-externally-managed
[2.132s] DEBUG:colcon.colcon_core.event_handler.log_command:Invoked command in '/home/alex/LEAN-AutoBoat/src/boat_drive' returned '0': PYTHONPATH=/home/alex/LEAN-AutoBoat/install/boat_drive/lib/python3.10/site-packages:${PYTHONPATH} /usr/bin/python3 setup.py egg_info --egg-base ../../build/boat_drive build --build-base /home/alex/LEAN-AutoBoat/build/boat_drive/build install --prefix /home/alex/LEAN-AutoBoat/install/boat_drive --record /home/alex/LEAN-AutoBoat/build/boat_drive/install.log --single-version-externally-managed
[2.137s] Level 1:colcon.colcon_core.environment:checking '/home/alex/LEAN-AutoBoat/install/boat_drive' for CMake module files
[2.138s] Level 1:colcon.colcon_core.environment:checking '/home/alex/LEAN-AutoBoat/install/boat_drive' for CMake config files
[2.139s] Level 1:colcon.colcon_core.environment:checking '/home/alex/LEAN-AutoBoat/install/boat_drive/lib'
[2.139s] Level 1:colcon.colcon_core.environment:checking '/home/alex/LEAN-AutoBoat/install/boat_drive/bin'
[2.139s] Level 1:colcon.colcon_core.environment:checking '/home/alex/LEAN-AutoBoat/install/boat_drive/lib/pkgconfig/boat_drive.pc'
[2.140s] Level 1:colcon.colcon_core.environment:checking '/home/alex/LEAN-AutoBoat/install/boat_drive/lib/python3.10/site-packages'
[2.140s] Level 1:colcon.colcon_core.shell:create_environment_hook('boat_drive', 'pythonpath')
[2.141s] INFO:colcon.colcon_core.shell:Creating environment hook '/home/alex/LEAN-AutoBoat/install/boat_drive/share/boat_drive/hook/pythonpath.ps1'
[2.141s] INFO:colcon.colcon_core.shell:Creating environment descriptor '/home/alex/LEAN-AutoBoat/install/boat_drive/share/boat_drive/hook/pythonpath.dsv'
[2.142s] INFO:colcon.colcon_core.shell:Creating environment hook '/home/alex/LEAN-AutoBoat/install/boat_drive/share/boat_drive/hook/pythonpath.sh'
[2.143s] Level 1:colcon.colcon_core.environment:checking '/home/alex/LEAN-AutoBoat/install/boat_drive/bin'
[2.143s] Level 1:colcon.colcon_core.environment:create_environment_scripts_only(boat_drive)
[2.144s] INFO:colcon.colcon_core.shell:Creating package script '/home/alex/LEAN-AutoBoat/install/boat_drive/share/boat_drive/package.ps1'
[2.145s] INFO:colcon.colcon_core.shell:Creating package descriptor '/home/alex/LEAN-AutoBoat/install/boat_drive/share/boat_drive/package.dsv'
[2.146s] INFO:colcon.colcon_core.shell:Creating package script '/home/alex/LEAN-AutoBoat/install/boat_drive/share/boat_drive/package.sh'
[2.148s] INFO:colcon.colcon_core.shell:Creating package script '/home/alex/LEAN-AutoBoat/install/boat_drive/share/boat_drive/package.bash'
[2.149s] INFO:colcon.colcon_core.shell:Creating package script '/home/alex/LEAN-AutoBoat/install/boat_drive/share/boat_drive/package.zsh'
[2.150s] Level 1:colcon.colcon_core.environment:create_file_with_runtime_dependencies(/home/alex/LEAN-AutoBoat/install/boat_drive/share/colcon-core/packages/boat_drive)
[2.151s] DEBUG:colcon.colcon_parallel_executor.executor.parallel:closing loop
[2.152s] DEBUG:colcon.colcon_parallel_executor.executor.parallel:loop closed
[2.152s] DEBUG:colcon.colcon_parallel_executor.executor.parallel:run_until_complete finished with '0'
[2.152s] DEBUG:colcon.colcon_core.event_reactor:joining thread
[2.158s] INFO:colcon.colcon_core.plugin_system:Skipping extension 'colcon_notification.desktop_notification.terminal_notifier': Not used on non-Darwin systems
[2.159s] INFO:colcon.colcon_core.plugin_system:Skipping extension 'colcon_notification.desktop_notification.win32': Not used on non-Windows systems
[2.159s] INFO:colcon.colcon_notification.desktop_notification:Sending desktop notification using 'notify2'
[2.176s] DEBUG:colcon.colcon_core.event_reactor:joined thread
[2.177s] INFO:colcon.colcon_core.shell:Creating prefix script '/home/alex/LEAN-AutoBoat/install/local_setup.ps1'
[2.179s] INFO:colcon.colcon_core.shell:Creating prefix util module '/home/alex/LEAN-AutoBoat/install/_local_setup_util_ps1.py'
[2.186s] INFO:colcon.colcon_core.shell:Creating prefix chain script '/home/alex/LEAN-AutoBoat/install/setup.ps1'
[2.191s] INFO:colcon.colcon_core.shell:Creating prefix script '/home/alex/LEAN-AutoBoat/install/local_setup.sh'
[2.192s] INFO:colcon.colcon_core.shell:Creating prefix util module '/home/alex/LEAN-AutoBoat/install/_local_setup_util_sh.py'
[2.193s] INFO:colcon.colcon_core.shell:Creating prefix chain script '/home/alex/LEAN-AutoBoat/install/setup.sh'
[2.195s] INFO:colcon.colcon_core.shell:Creating prefix script '/home/alex/LEAN-AutoBoat/install/local_setup.bash'
[2.200s] INFO:colcon.colcon_core.shell:Creating prefix chain script '/home/alex/LEAN-AutoBoat/install/setup.bash'
[2.201s] INFO:colcon.colcon_core.shell:Creating prefix script '/home/alex/LEAN-AutoBoat/install/local_setup.zsh'
[2.202s] INFO:colcon.colcon_core.shell:Creating prefix chain script '/home/alex/LEAN-AutoBoat/install/setup.zsh'
