[1.634s] Invoking command in '/home/alex/LEAN-AutoBoat/src/boat_drive': PYTHONPATH=/home/alex/LEAN-AutoBoat/install/boat_drive/lib/python3.10/site-packages:${PYTHONPATH} /usr/bin/python3 setup.py egg_info --egg-base ../../build/boat_drive build --build-base /home/alex/LEAN-AutoBoat/build/boat_drive/build install --prefix /home/alex/LEAN-AutoBoat/install/boat_drive --record /home/alex/LEAN-AutoBoat/build/boat_drive/install.log --single-version-externally-managed
[2.073s] running egg_info
[2.075s] writing ../../build/boat_drive/boat_drive.egg-info/PKG-INFO
[2.076s] writing dependency_links to ../../build/boat_drive/boat_drive.egg-info/dependency_links.txt
[2.077s] writing entry points to ../../build/boat_drive/boat_drive.egg-info/entry_points.txt
[2.077s] writing requirements to ../../build/boat_drive/boat_drive.egg-info/requires.txt
[2.078s] writing top-level names to ../../build/boat_drive/boat_drive.egg-info/top_level.txt
[2.081s] reading manifest file '../../build/boat_drive/boat_drive.egg-info/SOURCES.txt'
[2.082s] writing manifest file '../../build/boat_drive/boat_drive.egg-info/SOURCES.txt'
[2.083s] running build
[2.083s] running build_py
[2.084s] copying boat_drive/motor_control.py -> /home/alex/LEAN-AutoBoat/build/boat_drive/build/lib/boat_drive
[2.086s] running install
[2.086s] /usr/lib/python3/dist-packages/setuptools/command/install.py:34: SetuptoolsDeprecationWarning: setup.py install is deprecated. Use build and pip and other standards-based tools.
[2.087s]   warnings.warn(
[2.087s] running install_lib
[2.089s] copying /home/alex/LEAN-AutoBoat/build/boat_drive/build/lib/boat_drive/motor_control.py -> /home/alex/LEAN-AutoBoat/install/boat_drive/lib/python3.10/site-packages/boat_drive
[2.090s] byte-compiling /home/alex/LEAN-AutoBoat/install/boat_drive/lib/python3.10/site-packages/boat_drive/motor_control.py to motor_control.cpython-310.pyc
[2.091s] running install_data
[2.092s] running install_egg_info
[2.094s] removing '/home/alex/LEAN-AutoBoat/install/boat_drive/lib/python3.10/site-packages/boat_drive-0.0.0-py3.10.egg-info' (and everything under it)
[2.103s] Copying ../../build/boat_drive/boat_drive.egg-info to /home/alex/LEAN-AutoBoat/install/boat_drive/lib/python3.10/site-packages/boat_drive-0.0.0-py3.10.egg-info
[2.104s] running install_scripts
[2.137s] Installing listener script to /home/alex/LEAN-AutoBoat/install/boat_drive/lib/boat_drive
[2.137s] writing list of installed files to '/home/alex/LEAN-AutoBoat/build/boat_drive/install.log'
[2.181s] Invoked command in '/home/alex/LEAN-AutoBoat/src/boat_drive' returned '0': PYTHONPATH=/home/alex/LEAN-AutoBoat/install/boat_drive/lib/python3.10/site-packages:${PYTHONPATH} /usr/bin/python3 setup.py egg_info --egg-base ../../build/boat_drive build --build-base /home/alex/LEAN-AutoBoat/build/boat_drive/build install --prefix /home/alex/LEAN-AutoBoat/install/boat_drive --record /home/alex/LEAN-AutoBoat/build/boat_drive/install.log --single-version-externally-managed
