running egg_info
creating ../../build/boat_drive/boat_drive.egg-info
writing ../../build/boat_drive/boat_drive.egg-info/PKG-INFO
writing dependency_links to ../../build/boat_drive/boat_drive.egg-info/dependency_links.txt
writing entry points to ../../build/boat_drive/boat_drive.egg-info/entry_points.txt
writing requirements to ../../build/boat_drive/boat_drive.egg-info/requires.txt
writing top-level names to ../../build/boat_drive/boat_drive.egg-info/top_level.txt
writing manifest file '../../build/boat_drive/boat_drive.egg-info/SOURCES.txt'
reading manifest file '../../build/boat_drive/boat_drive.egg-info/SOURCES.txt'
writing manifest file '../../build/boat_drive/boat_drive.egg-info/SOURCES.txt'
running build
running build_py
creating /home/alex/LEAN-AutoBoat/build/boat_drive/build
creating /home/alex/LEAN-AutoBoat/build/boat_drive/build/lib
creating /home/alex/LEAN-AutoBoat/build/boat_drive/build/lib/boat_drive
copying boat_drive/__init__.py -> /home/alex/LEAN-AutoBoat/build/boat_drive/build/lib/boat_drive
copying boat_drive/motor_control.py -> /home/alex/LEAN-AutoBoat/build/boat_drive/build/lib/boat_drive
running install
/usr/lib/python3/dist-packages/setuptools/command/install.py:34: SetuptoolsDeprecationWarning: setup.py install is deprecated. Use build and pip and other standards-based tools.
  warnings.warn(
running install_lib
creating /home/alex/LEAN-AutoBoat/install/boat_drive/lib/python3.10/site-packages/boat_drive
copying /home/alex/LEAN-AutoBoat/build/boat_drive/build/lib/boat_drive/__init__.py -> /home/alex/LEAN-AutoBoat/install/boat_drive/lib/python3.10/site-packages/boat_drive
copying /home/alex/LEAN-AutoBoat/build/boat_drive/build/lib/boat_drive/motor_control.py -> /home/alex/LEAN-AutoBoat/install/boat_drive/lib/python3.10/site-packages/boat_drive
byte-compiling /home/alex/LEAN-AutoBoat/install/boat_drive/lib/python3.10/site-packages/boat_drive/__init__.py to __init__.cpython-310.pyc
byte-compiling /home/alex/LEAN-AutoBoat/install/boat_drive/lib/python3.10/site-packages/boat_drive/motor_control.py to motor_control.cpython-310.pyc
running install_data
creating /home/alex/LEAN-AutoBoat/install/boat_drive/share/ament_index
creating /home/alex/LEAN-AutoBoat/install/boat_drive/share/ament_index/resource_index
creating /home/alex/LEAN-AutoBoat/install/boat_drive/share/ament_index/resource_index/packages
copying resource/boat_drive -> /home/alex/LEAN-AutoBoat/install/boat_drive/share/ament_index/resource_index/packages
copying package.xml -> /home/alex/LEAN-AutoBoat/install/boat_drive/share/boat_drive
running install_egg_info
Copying ../../build/boat_drive/boat_drive.egg-info to /home/alex/LEAN-AutoBoat/install/boat_drive/lib/python3.10/site-packages/boat_drive-0.0.0-py3.10.egg-info
running install_scripts
writing list of installed files to '/home/alex/LEAN-AutoBoat/build/boat_drive/install.log'
