[1.422s] Invoking command in '/home/alex/LEAN-AutoBoat/src/boat_drive': PYTHONPATH=/home/alex/LEAN-AutoBoat/install/boat_drive/lib/python3.10/site-packages:${PYTHONPATH} /usr/bin/python3 setup.py egg_info --egg-base ../../build/boat_drive build --build-base /home/alex/LEAN-AutoBoat/build/boat_drive/build install --prefix /home/alex/LEAN-AutoBoat/install/boat_drive --record /home/alex/LEAN-AutoBoat/build/boat_drive/install.log --single-version-externally-managed
[1.811s] running egg_info
[1.812s] creating ../../build/boat_drive/boat_drive.egg-info
[1.813s] writing ../../build/boat_drive/boat_drive.egg-info/PKG-INFO
[1.813s] writing dependency_links to ../../build/boat_drive/boat_drive.egg-info/dependency_links.txt
[1.814s] writing entry points to ../../build/boat_drive/boat_drive.egg-info/entry_points.txt
[1.814s] writing requirements to ../../build/boat_drive/boat_drive.egg-info/requires.txt
[1.815s] writing top-level names to ../../build/boat_drive/boat_drive.egg-info/top_level.txt
[1.816s] writing manifest file '../../build/boat_drive/boat_drive.egg-info/SOURCES.txt'
[1.818s] reading manifest file '../../build/boat_drive/boat_drive.egg-info/SOURCES.txt'
[1.820s] writing manifest file '../../build/boat_drive/boat_drive.egg-info/SOURCES.txt'
[1.820s] running build
[1.820s] running build_py
[1.821s] creating /home/alex/LEAN-AutoBoat/build/boat_drive/build
[1.821s] creating /home/alex/LEAN-AutoBoat/build/boat_drive/build/lib
[1.821s] creating /home/alex/LEAN-AutoBoat/build/boat_drive/build/lib/boat_drive
[1.822s] copying boat_drive/__init__.py -> /home/alex/LEAN-AutoBoat/build/boat_drive/build/lib/boat_drive
[1.822s] copying boat_drive/motor_control.py -> /home/alex/LEAN-AutoBoat/build/boat_drive/build/lib/boat_drive
[1.823s] running install
[1.827s] /usr/lib/python3/dist-packages/setuptools/command/install.py:34: SetuptoolsDeprecationWarning: setup.py install is deprecated. Use build and pip and other standards-based tools.
[1.827s]   warnings.warn(
[1.828s] running install_lib
[1.829s] creating /home/alex/LEAN-AutoBoat/install/boat_drive/lib/python3.10/site-packages/boat_drive
[1.830s] copying /home/alex/LEAN-AutoBoat/build/boat_drive/build/lib/boat_drive/__init__.py -> /home/alex/LEAN-AutoBoat/install/boat_drive/lib/python3.10/site-packages/boat_drive
[1.830s] copying /home/alex/LEAN-AutoBoat/build/boat_drive/build/lib/boat_drive/motor_control.py -> /home/alex/LEAN-AutoBoat/install/boat_drive/lib/python3.10/site-packages/boat_drive
[1.831s] byte-compiling /home/alex/LEAN-AutoBoat/install/boat_drive/lib/python3.10/site-packages/boat_drive/__init__.py to __init__.cpython-310.pyc
[1.832s] byte-compiling /home/alex/LEAN-AutoBoat/install/boat_drive/lib/python3.10/site-packages/boat_drive/motor_control.py to motor_control.cpython-310.pyc
[1.832s] running install_data
[1.833s] creating /home/alex/LEAN-AutoBoat/install/boat_drive/share/ament_index
[1.834s] creating /home/alex/LEAN-AutoBoat/install/boat_drive/share/ament_index/resource_index
[1.834s] creating /home/alex/LEAN-AutoBoat/install/boat_drive/share/ament_index/resource_index/packages
[1.834s] copying resource/boat_drive -> /home/alex/LEAN-AutoBoat/install/boat_drive/share/ament_index/resource_index/packages
[1.835s] copying package.xml -> /home/alex/LEAN-AutoBoat/install/boat_drive/share/boat_drive
[1.835s] running install_egg_info
[1.837s] Copying ../../build/boat_drive/boat_drive.egg-info to /home/alex/LEAN-AutoBoat/install/boat_drive/lib/python3.10/site-packages/boat_drive-0.0.0-py3.10.egg-info
[1.840s] running install_scripts
[1.877s] writing list of installed files to '/home/alex/LEAN-AutoBoat/build/boat_drive/install.log'
[1.912s] Invoked command in '/home/alex/LEAN-AutoBoat/src/boat_drive' returned '0': PYTHONPATH=/home/alex/LEAN-AutoBoat/install/boat_drive/lib/python3.10/site-packages:${PYTHONPATH} /usr/bin/python3 setup.py egg_info --egg-base ../../build/boat_drive build --build-base /home/alex/LEAN-AutoBoat/build/boat_drive/build install --prefix /home/alex/LEAN-AutoBoat/install/boat_drive --record /home/alex/LEAN-AutoBoat/build/boat_drive/install.log --single-version-externally-managed
