[1.642s] Invoking command in '/home/alex/LEAN-AutoBoat/src/boat_drive': PYTHONPATH=/home/alex/LEAN-AutoBoat/install/boat_drive/lib/python3.10/site-packages:${PYTHONPATH} /usr/bin/python3 setup.py egg_info --egg-base ../../build/boat_drive build --build-base /home/alex/LEAN-AutoBoat/build/boat_drive/build install --prefix /home/alex/LEAN-AutoBoat/install/boat_drive --record /home/alex/LEAN-AutoBoat/build/boat_drive/install.log --single-version-externally-managed
[2.374s] running egg_info
[2.377s] writing ../../build/boat_drive/boat_drive.egg-info/PKG-INFO
[2.378s] writing dependency_links to ../../build/boat_drive/boat_drive.egg-info/dependency_links.txt
[2.379s] writing entry points to ../../build/boat_drive/boat_drive.egg-info/entry_points.txt
[2.382s] writing requirements to ../../build/boat_drive/boat_drive.egg-info/requires.txt
[2.382s] writing top-level names to ../../build/boat_drive/boat_drive.egg-info/top_level.txt
[2.388s] reading manifest file '../../build/boat_drive/boat_drive.egg-info/SOURCES.txt'
[2.394s] writing manifest file '../../build/boat_drive/boat_drive.egg-info/SOURCES.txt'
[2.394s] running build
[2.395s] running build_py
[2.395s] running install
[2.395s] /usr/lib/python3/dist-packages/setuptools/command/install.py:34: SetuptoolsDeprecationWarning: setup.py install is deprecated. Use build and pip and other standards-based tools.
[2.396s]   warnings.warn(
[2.396s] running install_lib
[2.402s] running install_data
[2.403s] running install_egg_info
[2.410s] removing '/home/alex/LEAN-AutoBoat/install/boat_drive/lib/python3.10/site-packages/boat_drive-0.0.0-py3.10.egg-info' (and everything under it)
[2.414s] Copying ../../build/boat_drive/boat_drive.egg-info to /home/alex/LEAN-AutoBoat/install/boat_drive/lib/python3.10/site-packages/boat_drive-0.0.0-py3.10.egg-info
[2.415s] running install_scripts
[2.478s] Installing listener script to /home/alex/LEAN-AutoBoat/install/boat_drive/lib/boat_drive
[2.479s] writing list of installed files to '/home/alex/LEAN-AutoBoat/build/boat_drive/install.log'
[2.550s] Invoked command in '/home/alex/LEAN-AutoBoat/src/boat_drive' returned '0': PYTHONPATH=/home/alex/LEAN-AutoBoat/install/boat_drive/lib/python3.10/site-packages:${PYTHONPATH} /usr/bin/python3 setup.py egg_info --egg-base ../../build/boat_drive build --build-base /home/alex/LEAN-AutoBoat/build/boat_drive/build install --prefix /home/alex/LEAN-AutoBoat/install/boat_drive --record /home/alex/LEAN-AutoBoat/build/boat_drive/install.log --single-version-externally-managed
